** Message: 18:22:07.948: environement.vala:58: Exporting primary_variable
** Message: 18:22:07.948: environement.vala:59: desktop_environnement XDG_CURRENT_DESKTOP
** Message: 18:22:07.948: environement.vala:150: confir_dirs is null, export : /etc/xdg
** Message: 18:22:07.949: environement.vala:184: Exporting XDG_CONFIG_DIRS
** Message: 18:22:07.949: environement.vala:218: custom_data :
** Message: 18:22:07.949: environement.vala:219: data_dirs :/usr/local/share:/usr/share/raspi-ui-overrides:/usr/share:/usr/share/gdm:/var/lib/menu-xdg
** Message: 18:22:07.949: environement.vala:220: data_dirs not null, export : /usr/local/share:/usr/share/raspi-ui-overrides:/usr/share:/usr/share/gdm:/var/lib/menu-xdg
** Message: 18:22:07.949: environement.vala:225: Exporting XDG_DATA_DIRS
** Message: 18:22:07.949: utils.vala:138: Config system location : /etc/xdg/lxsession/LXDE-pi
** Message: 18:22:07.953: utils.vala:144: System system path location : /etc/xdg/lxsession/LXDE-pi/desktop.conf
** Message: 18:22:07.953: utils.vala:148: Final file used : /etc/xdg/lxsession/LXDE-pi/desktop.conf
** Message: 18:22:07.953: utils.vala:39: Config system location : /etc/xdg/lxsession/LXDE-pi
** Message: 18:22:07.953: utils.vala:45: System system path location : /etc/xdg/lxsession/LXDE-pi/desktop.conf

** (lxsession:535): WARNING **: 18:22:07.962: utils.vala:70: No such file or directory
** Message: 18:22:07.962: settings.vala:540: Key file does not have key “iGtk/ColorScheme” in group “GTK”
** Message: 18:22:07.962: settings.vala:540: Key file does not have key “windows_manager/command” in group “Session”
** Message: 18:22:07.962: settings.vala:540: Key file does not have key “panel/command” in group “Session”
** Message: 18:22:07.962: settings.vala:540: Key file does not have key “dock/command” in group “Session”
** Message: 18:22:07.962: settings.vala:540: Key file does not have key “file_manager/command” in group “Session”
** Message: 18:22:07.962: settings.vala:540: Key file does not have key “desktop_manager/command” in group “Session”
** Message: 18:22:07.962: settings.vala:540: Key file does not have key “launcher_manager/autostart” in group “Session”
** Message: 18:22:07.962: settings.vala:540: Key file does not have key “composite_manager/command” in group “Session”
** Message: 18:22:07.962: settings.vala:540: Key file does not have key “im1/command” in group “Session”
** Message: 18:22:07.962: settings.vala:540: Key file does not have key “im2/command” in group “Session”
** Message: 18:22:07.962: settings.vala:540: Key file does not have key “widget1/command” in group “Session”
** Message: 18:22:07.963: settings.vala:540: Key file does not have key “notification/command” in group “Session”
** Message: 18:22:07.963: settings.vala:540: Key file does not have key “keybindings/command” in group “Session”
** Message: 18:22:07.963: settings.vala:540: Key file does not have key “im_manager/command” in group “Session”
** Message: 18:22:07.963: settings.vala:540: Key file does not have key “screensaver/command” in group “Session”
** Message: 18:22:07.963: settings.vala:540: Key file does not have key “power_manager/command” in group “Session”
** Message: 18:22:07.963: settings.vala:540: Key file does not have key “audio_manager/command” in group “Session”
** Message: 18:22:07.963: settings.vala:540: Key file does not have key “workspace_manager/command” in group “Session”
** Message: 18:22:07.963: settings.vala:540: Key file does not have key “screenshot_manager/command” in group “Session”
** Message: 18:22:07.963: settings.vala:540: Key file does not have key “message_manager/command” in group “Session”
** Message: 18:22:07.963: settings.vala:540: Key file does not have key “upgrade_manager/command” in group “Session”
** Message: 18:22:07.963: settings.vala:540: Key file does not have key “updates_manager/command” in group “Session”
** Message: 18:22:07.963: settings.vala:540: Key file does not have key “updates_manager/timeout” in group “Session”
** Message: 18:22:07.963: settings.vala:540: Key file does not have key “crash_manager/command” in group “Session”
** Message: 18:22:07.963: settings.vala:540: Key file does not have key “crash_manager/dev_mode” in group “Session”
** Message: 18:22:07.964: settings.vala:540: Key file does not have key “crash_manager/timeout” in group “Session”
** Message: 18:22:07.964: settings.vala:540: Key file does not have key “upstart_user_session” in group “Session”
** Message: 18:22:07.964: settings.vala:540: Key file does not have key “proxy_manager/http” in group “Session”
** Message: 18:22:07.964: settings.vala:540: Key file does not have key “a11y/command” in group “Session”
** Message: 18:22:07.964: settings.vala:540: Key file does not have key “xrandr/command” in group “Session”
** Message: 18:22:07.964: settings.vala:540: Key file does not have key “network_gui/command” in group “Session”
** Message: 18:22:07.964: settings.vala:540: Key file does not have key “webbrowser/command” in group “Session”
** Message: 18:22:07.964: settings.vala:540: Key file does not have key “email/command” in group “Session”
** Message: 18:22:07.964: settings.vala:540: Key file does not have key “pdf_reader/command” in group “Session”
** Message: 18:22:07.964: settings.vala:540: Key file does not have key “video_player/command” in group “Session”
** Message: 18:22:07.964: settings.vala:540: Key file does not have key “audio_player/command” in group “Session”
** Message: 18:22:07.964: settings.vala:540: Key file does not have key “images_display/command” in group “Session”
** Message: 18:22:07.964: settings.vala:540: Key file does not have key “text_editor/command” in group “Session”
** Message: 18:22:07.965: settings.vala:540: Key file does not have key “archive/command” in group “Session”
** Message: 18:22:07.965: settings.vala:540: Key file does not have key “charmap/command” in group “Session”
** Message: 18:22:07.965: settings.vala:540: Key file does not have key “calculator/command” in group “Session”
** Message: 18:22:07.965: settings.vala:540: Key file does not have key “spreadsheet/command” in group “Session”
** Message: 18:22:07.965: settings.vala:540: Key file does not have key “bittorent/command” in group “Session”
** Message: 18:22:07.965: settings.vala:540: Key file does not have key “document/command” in group “Session”
** Message: 18:22:07.965: settings.vala:540: Key file does not have key “webcam/command” in group “Session”
** Message: 18:22:07.965: settings.vala:540: Key file does not have key “burn/command” in group “Session”
** Message: 18:22:07.965: settings.vala:540: Key file does not have key “notes/command” in group “Session”
** Message: 18:22:07.965: settings.vala:540: Key file does not have key “disk_utility/command” in group “Session”
** Message: 18:22:07.965: settings.vala:540: Key file does not have key “tasks/command” in group “Session”
** Message: 18:22:07.965: settings.vala:540: Key file does not have group “Keymap”
** Message: 18:22:07.965: settings.vala:540: Key file does not have key “laptop_mode” in group “State”
** Message: 18:22:07.965: settings.vala:540: Key file does not have key “gnome” in group “Dbus”
** Message: 18:22:07.965: settings.vala:540: Key file does not have key “type” in group “Environment”
** Message: 18:22:07.966: settings.vala:540: Key file does not have key “ubuntu_menuproxy” in group “Environment”
** Message: 18:22:07.966: settings.vala:540: Key file does not have key “toolkit_integration” in group “Environment”
** Message: 18:22:07.966: settings.vala:540: Key file does not have key “gtk/overlay_scrollbar_disable” in group “Environment”
** Message: 18:22:07.966: settings.vala:540: Key file does not have key “qt/force_theme” in group “Environment”
** Message: 18:22:07.966: settings.vala:540: Key file does not have key “qt/platform” in group “Environment”
** Message: 18:22:07.967: settings.vala:462: Monitoring: /etc/xdg/lxsession/LXDE-pi/desktop.conf
** Message: 18:22:07.967: settings.vala:470: Desktop file is not in config home, monitoring creation of it
** Message: 18:22:07.967: settings.vala:485: Monitoring home path: /home/pi/.config/lxsession/LXDE-pi/desktop.conf
** Message: 18:22:07.968: environement.vala:79: Exporting variable
** Message: 18:22:07.968: environement.vala:80: desktop_environnement XDG_CURRENT_DESKTOP
** Message: 18:22:07.968: environement.vala:177: custom_config :
** Message: 18:22:07.968: environement.vala:178: config_dirs :/etc/xdg
** Message: 18:22:07.968: environement.vala:179: confir_dirs not null, export : /etc/xdg
** Message: 18:22:07.968: environement.vala:184: Exporting XDG_CONFIG_DIRS
** Message: 18:22:07.968: environement.vala:218: custom_data :
** Message: 18:22:07.968: environement.vala:219: data_dirs :/usr/local/share:/usr/share/raspi-ui-overrides:/usr/share:/usr/share/gdm:/var/lib/menu-xdg
** Message: 18:22:07.968: environement.vala:220: data_dirs not null, export : /usr/local/share:/usr/share/raspi-ui-overrides:/usr/share:/usr/share/gdm:/var/lib/menu-xdg
** Message: 18:22:07.968: environement.vala:225: Exporting XDG_DATA_DIRS
** Message: 18:22:07.968: utils.vala:39: Config system location : /etc/xdg/lxsession/LXDE-pi
** Message: 18:22:07.968: utils.vala:45: System system path location : /etc/xdg/lxsession/LXDE-pi/desktop.conf

** (lxsession:535): WARNING **: 18:22:07.968: utils.vala:70: No such file or directory
** Message: 18:22:07.968: environement.vala:254: No entry in [Environment_variable]. Key file does not have group “Environment_variable”
** Message: 18:22:07.972: utils.vala:138: Config system location : /etc/xdg/lxsession/LXDE-pi
** Message: 18:22:07.972: utils.vala:144: System system path location : /etc/xdg/lxsession/LXDE-pi/conffiles.conf
** Message: 18:22:07.973: utils.vala:148: Final file used : /etc/xdg/lxsession/LXDE-pi/conffiles.conf
** Message: 18:22:07.973: options.vala:164: Activate xsettings_manager build-in
** Message: 18:22:07.973: utils.vala:39: Config system location : /etc/xdg/lxsession/LXDE-pi
** Message: 18:22:07.973: utils.vala:45: System system path location : /etc/xdg/lxsession/LXDE-pi/desktop.conf

** (lxsession:535): WARNING **: 18:22:07.973: utils.vala:70: No such file or directory
xprop:  no such property "_NET_NUMBER_OF_DESKTOPS"
xprop:  no such property "_NET_DESKTOP_NAMES"
** Message: 18:22:07.998: app.vala:721: polkit separate
** Message: 18:22:07.998: app.vala:721: polkit separate
** Message: 18:22:08.009: app.vala:76: Launching lxpolkit 
** Message: 18:22:08.010: utils.vala:138: Config system location : /etc/xdg/lxsession/LXDE-pi
** Message: 18:22:08.010: utils.vala:144: System system path location : /etc/xdg/lxsession/LXDE-pi/autostart
** Message: 18:22:08.010: utils.vala:148: Final file used : /etc/xdg/lxsession/LXDE-pi/autostart
** Message: 18:22:08.010: autostart.vala:42: Autostart path : /etc/xdg/lxsession/LXDE-pi/autostart
** Message: 18:22:08.046: app.vala:76: Launching lxpanel 
** Message: 18:22:08.075: app.vala:76: Launching pcmanfm 

** (lxsession:535): WARNING **: 18:22:08.111: app.vala:86: Failed to execute child process “xscreensaver” (No such file or directory)

** (lxsession:535): WARNING **: 18:22:08.111: app.vala:87: Error when launching xscreensaver
** Message: 18:22:08.127: app.vala:76: Launching point-rpi 
** Message: 18:22:08.152: options.vala:107: Create build-in Clipboard
** Message: 18:22:08.154: main.vala:441: Check keymap_mode (null)
** Message: 18:22:08.164: app.vala:76: Launching /usr/bin/ssh-agent 
SSH_AUTH_SOCK=/tmp/ssh-AWineZqodARk/agent.692; export SSH_AUTH_SOCK;
SSH_AGENT_PID=694; export SSH_AGENT_PID;
echo Agent pid 694;
** Message: 18:22:08.651: app.vala:130: point-rpi exit with this type of exit: 0
** Message: 18:22:08.651: app.vala:130: /usr/bin/ssh-agent exit with this type of exit: 0
** Message: 18:22:08.850: x-terminal-emulator has very limited support, consider choose another terminal
** Message: 18:22:08.862: x-terminal-emulator has very limited support, consider choose another terminal
Openbox-Message: Unable to find a valid menu file "/usr/share/lxde/openbox/menu.xml"
xrandr: Failed to get size of gamma for output default
 --disable-quic --enable-tcp-fast-open --ppapi-flash-path=/usr/lib/chromium-browser/libpepflashplayer.so --ppapi-flash-args=enable_stagevideo_auto=0 --ppapi-flash-version=
libEGL warning: DRI2: failed to authenticate
[2412:2595:0124/182825.666790:ERROR:object_proxy.cc(619)] Failed to call method: org.freedesktop.Notifications.GetCapabilities: object_path= /org/freedesktop/Notifications: org.freedesktop.DBus.Error.ServiceUnknown: The name org.freedesktop.Notifications was not provided by any .service files
[2515:2515:0124/182825.918105:ERROR:sandbox_linux.cc(368)] InitializeSandbox() called with multiple threads in process gpu-process.
[2515:2515:0124/184904.058355:ERROR:context_group.cc(151)] ContextResult::kFatalFailure: WebGL2 blacklisted
[2515:2515:0124/184933.886757:ERROR:context_group.cc(151)] ContextResult::kFatalFailure: WebGL2 blacklisted
[2412:2474:0124/191046.093006:ERROR:browser_process_sub_thread.cc(217)] Waited 36 ms for network service
 --disable-quic --enable-tcp-fast-open --ppapi-flash-path=/usr/lib/chromium-browser/libpepflashplayer.so --ppapi-flash-args=enable_stagevideo_auto=0 --ppapi-flash-version=
libEGL warning: DRI2: failed to authenticate
[13402:13532:0124/191050.037260:ERROR:object_proxy.cc(619)] Failed to call method: org.freedesktop.Notifications.GetCapabilities: object_path= /org/freedesktop/Notifications: org.freedesktop.DBus.Error.ServiceUnknown: The name org.freedesktop.Notifications was not provided by any .service files
[13458:13458:0124/191051.518279:ERROR:sandbox_linux.cc(368)] InitializeSandbox() called with multiple threads in process gpu-process.
[1:7:0124/191051.656421:ERROR:command_buffer_proxy_impl.cc(125)] ContextResult::kTransientFailure: Failed to send GpuChannelMsg_CreateCommandBuffer.
